0 info it worked if it ends with ok
1 verbose cli [ '/usr/bin/node', '/usr/bin/npm', 'run', 'json' ]
2 info using npm@3.5.2
3 info using node@v8.10.0
4 verbose run-script [ 'prejson', 'json', 'postjson' ]
5 info lifecycle V12@1.0.0~prejson: V12@1.0.0
6 silly lifecycle V12@1.0.0~prejson: no script for prejson, continuing
7 info lifecycle V12@1.0.0~json: V12@1.0.0
8 verbose lifecycle V12@1.0.0~json: unsafe-perm in lifecycle true
9 verbose lifecycle V12@1.0.0~json: PATH: /usr/share/npm/bin/node-gyp-bin:/share2/CACHEDEV2_DATA/Vol4/HTML/Create Website/vue/Vue-day12/node_modules/.bin:/usr/local/sbin:/usr/local/bin:/usr/sbin:/usr/bin:/sbin:/bin:/usr/games:/usr/local/games:/snap/bin
10 verbose lifecycle V12@1.0.0~json: CWD: /share2/CACHEDEV2_DATA/Vol4/HTML/Create Website/vue/Vue-day12
11 silly lifecycle V12@1.0.0~json: Args: [ '-c', 'json-server --watcth db.json --port 8080' ]
12 silly lifecycle V12@1.0.0~json: Returned: code: 1  signal: null
13 info lifecycle V12@1.0.0~json: Failed to exec json script
14 verbose stack Error: V12@1.0.0 json: `json-server --watcth db.json --port 8080`
14 verbose stack Exit status 1
14 verbose stack     at EventEmitter.<anonymous> (/usr/share/npm/lib/utils/lifecycle.js:232:16)
14 verbose stack     at emitTwo (events.js:126:13)
14 verbose stack     at EventEmitter.emit (events.js:214:7)
14 verbose stack     at ChildProcess.<anonymous> (/usr/share/npm/lib/utils/spawn.js:24:14)
14 verbose stack     at emitTwo (events.js:126:13)
14 verbose stack     at ChildProcess.emit (events.js:214:7)
14 verbose stack     at maybeClose (internal/child_process.js:925:16)
14 verbose stack     at Process.ChildProcess._handle.onexit (internal/child_process.js:209:5)
15 verbose pkgid V12@1.0.0
16 verbose cwd /share2/CACHEDEV2_DATA/Vol4/HTML/Create Website/vue/Vue-day12
17 error Linux 4.14.24-qnap
18 error argv "/usr/bin/node" "/usr/bin/npm" "run" "json"
19 error node v8.10.0
20 error npm  v3.5.2
21 error code ELIFECYCLE
22 error V12@1.0.0 json: `json-server --watcth db.json --port 8080`
22 error Exit status 1
23 error Failed at the V12@1.0.0 json script 'json-server --watcth db.json --port 8080'.
23 error Make sure you have the latest version of node.js and npm installed.
23 error If you do, this is most likely a problem with the V12 package,
23 error not with npm itself.
23 error Tell the author that this fails on your system:
23 error     json-server --watcth db.json --port 8080
23 error You can get information on how to open an issue for this project with:
23 error     npm bugs V12
23 error Or if that isn't available, you can get their info via:
23 error     npm owner ls V12
23 error There is likely additional logging output above.
24 verbose exit [ 1, true ]
